build/app/intermediates/manifest_merge_blame_file/debug/manifest-merger-blame-debug-report.txt
1<?xml version="1.0" encoding="utf-8"?>
2<manifest xmlns:android="http://schemas.android.com/apk/res/android"
3    package="com.taiaCare.flutter_taia_care"
4    android:versionCode="1"
5    android:versionName="1.0.0" >
6
7    <uses-sdk
8        android:minSdkVersion="16"
9        android:targetSdkVersion="28" />
10    <!--
11         Flutter needs it to communicate with the running application
12         to allow setting breakpoints, to provide hot reload, etc.
13    -->
14    <uses-permission android:name="android.permission.INTERNET" />
14-->src/debug/AndroidManifest.xml:6:5-66
14-->src/debug/AndroidManifest.xml:6:22-64
15    <uses-permission android:name="android.permission.ACCESS_NETWORK_STATE" />
15-->[com.google.android.gms:play-services-measurement-api:16.5.0] AndroidManifest.xml:23:5-79
15-->[com.google.android.gms:play-services-measurement-api:16.5.0] AndroidManifest.xml:23:22-76
16    <uses-permission android:name="android.permission.WAKE_LOCK" /> <!-- Required by older versions of Google Play services to create IID tokens -->
16-->[com.google.android.gms:play-services-measurement-api:16.5.0] AndroidManifest.xml:24:5-68
16-->[com.google.android.gms:play-services-measurement-api:16.5.0] AndroidManifest.xml:24:22-65
17    <uses-permission android:name="com.google.android.c2dm.permission.RECEIVE" />
17-->[com.google.firebase:firebase-iid:17.1.2] AndroidManifest.xml:26:5-82
17-->[com.google.firebase:firebase-iid:17.1.2] AndroidManifest.xml:26:22-79
18    <uses-permission android:name="com.google.android.finsky.permission.BIND_GET_INSTALL_REFERRER_SERVICE" />
18-->[com.google.android.gms:play-services-measurement:16.5.0] AndroidManifest.xml:26:5-110
18-->[com.google.android.gms:play-services-measurement:16.5.0] AndroidManifest.xml:26:22-107
19    <!--
20 io.flutter.app.FlutterApplication is an android.app.Application that
21         calls FlutterMain.startInitialization(this); in its onCreate method.
22         In most cases you can leave this as-is, but you if you want to provide
23         additional functionality it is fine to subclass or reimplement
24         FlutterApplication and put your custom class here.
25    -->
26    <application
26-->src/main/AndroidManifest.xml:8:5-31:19
27        android:name="io.flutter.app.FlutterApplication"
27-->src/main/AndroidManifest.xml:9:9-57
28        android:appComponentFactory="androidx.core.app.CoreComponentFactory"
28-->[androidx.core:core:1.0.1] AndroidManifest.xml:22:18-86
29        android:debuggable="true"
30        android:icon="@mipmap/ic_launcher"
30-->src/main/AndroidManifest.xml:11:9-43
31        android:label="flutter_taia_care" >
31-->src/main/AndroidManifest.xml:10:9-42
32        <activity
32-->src/main/AndroidManifest.xml:12:9-30:20
33            android:name="com.taiaCare.flutter_taia_care.MainActivity"
33-->src/main/AndroidManifest.xml:13:13-41
34            android:configChanges="orientation|keyboardHidden|keyboard|screenSize|smallestScreenSize|locale|layoutDirection|fontScale|screenLayout|density|uiMode"
34-->src/main/AndroidManifest.xml:16:13-163
35            android:hardwareAccelerated="true"
35-->src/main/AndroidManifest.xml:17:13-47
36            android:launchMode="singleTop"
36-->src/main/AndroidManifest.xml:14:13-43
37            android:theme="@style/LaunchTheme"
37-->src/main/AndroidManifest.xml:15:13-47
38            android:windowSoftInputMode="adjustResize" >
38-->src/main/AndroidManifest.xml:18:13-55
39
40            <!--
41                 This keeps the window background of the activity showing
42                 until Flutter renders its first frame. It can be removed if
43                 there is no splash screen (such as the default splash screen
44                 defined in @style/LaunchTheme).
45            -->
46            <meta-data
46-->src/main/AndroidManifest.xml:23:13-25:40
47                android:name="io.flutter.app.android.SplashScreenUntilFirstFrame"
47-->src/main/AndroidManifest.xml:24:17-82
48                android:value="true" />
48-->src/main/AndroidManifest.xml:25:17-37
49
50            <intent-filter>
50-->src/main/AndroidManifest.xml:26:13-29:29
51                <action android:name="android.intent.action.MAIN" />
51-->src/main/AndroidManifest.xml:27:17-68
51-->src/main/AndroidManifest.xml:27:25-66
52
53                <category android:name="android.intent.category.LAUNCHER" />
53-->src/main/AndroidManifest.xml:28:17-76
53-->src/main/AndroidManifest.xml:28:27-74
54            </intent-filter>
55        </activity>
56
57        <service
57-->[:firebase_auth] AndroidManifest.xml:8:9-12:19
58            android:name="com.google.firebase.components.ComponentDiscoveryService"
58-->[:firebase_auth] AndroidManifest.xml:8:18-89
59            android:exported="false" >
59-->[com.google.firebase:firebase-auth:17.0.0] AndroidManifest.xml:35:13-37
60            <meta-data
60-->[:firebase_auth] AndroidManifest.xml:9:13-11:85
61                android:name="com.google.firebase.components:io.flutter.plugins.firebaseauth.FlutterFirebaseAppRegistrar"
61-->[:firebase_auth] AndroidManifest.xml:10:17-122
62                android:value="com.google.firebase.components.ComponentRegistrar" />
62-->[:firebase_auth] AndroidManifest.xml:11:17-82
63            <meta-data
63-->[:firebase_core] AndroidManifest.xml:9:13-11:85
64                android:name="com.google.firebase.components:io.flutter.plugins.firebase.core.FlutterFirebaseAppRegistrar"
64-->[:firebase_core] AndroidManifest.xml:10:17-123
65                android:value="com.google.firebase.components.ComponentRegistrar" />
65-->[:firebase_core] AndroidManifest.xml:11:17-82
66            <meta-data
66-->[com.google.firebase:firebase-auth:17.0.0] AndroidManifest.xml:36:13-38:85
67                android:name="com.google.firebase.components:com.google.firebase.auth.FirebaseAuthRegistrar"
67-->[com.google.firebase:firebase-auth:17.0.0] AndroidManifest.xml:37:17-109
68                android:value="com.google.firebase.components.ComponentRegistrar" />
68-->[com.google.firebase:firebase-auth:17.0.0] AndroidManifest.xml:38:17-82
69            <meta-data
69-->[com.google.android.gms:play-services-measurement-api:16.5.0] AndroidManifest.xml:30:13-32:85
70                android:name="com.google.firebase.components:com.google.firebase.analytics.connector.internal.AnalyticsConnectorRegistrar"
70-->[com.google.android.gms:play-services-measurement-api:16.5.0] AndroidManifest.xml:31:17-139
71                android:value="com.google.firebase.components.ComponentRegistrar" />
71-->[com.google.android.gms:play-services-measurement-api:16.5.0] AndroidManifest.xml:32:17-82
72            <meta-data
72-->[com.google.firebase:firebase-iid:17.1.2] AndroidManifest.xml:32:13-34:85
73                android:name="com.google.firebase.components:com.google.firebase.iid.Registrar"
73-->[com.google.firebase:firebase-iid:17.1.2] AndroidManifest.xml:33:17-96
74                android:value="com.google.firebase.components.ComponentRegistrar" />
74-->[com.google.firebase:firebase-iid:17.1.2] AndroidManifest.xml:34:17-82
75        </service>
76
77        <activity
77-->[com.google.firebase:firebase-auth:17.0.0] AndroidManifest.xml:24:9-31:50
78            android:name="com.google.firebase.auth.internal.FederatedSignInActivity"
78-->[com.google.firebase:firebase-auth:17.0.0] AndroidManifest.xml:25:13-85
79            android:excludeFromRecents="true"
79-->[com.google.firebase:firebase-auth:17.0.0] AndroidManifest.xml:26:13-46
80            android:exported="true"
80-->[com.google.firebase:firebase-auth:17.0.0] AndroidManifest.xml:27:13-36
81            android:launchMode="singleTask"
81-->[com.google.firebase:firebase-auth:17.0.0] AndroidManifest.xml:28:13-44
82            android:permission="com.google.firebase.auth.api.gms.permission.LAUNCH_FEDERATED_SIGN_IN"
82-->[com.google.firebase:firebase-auth:17.0.0] AndroidManifest.xml:29:13-102
83            android:theme="@android:style/Theme.Translucent.NoTitleBar" />
83-->[com.google.firebase:firebase-auth:17.0.0] AndroidManifest.xml:30:13-72
84
85        <receiver
85-->[com.google.firebase:firebase-iid:17.1.2] AndroidManifest.xml:37:9-44:20
86            android:name="com.google.firebase.iid.FirebaseInstanceIdReceiver"
86-->[com.google.firebase:firebase-iid:17.1.2] AndroidManifest.xml:38:13-78
87            android:exported="true"
87-->[com.google.firebase:firebase-iid:17.1.2] AndroidManifest.xml:39:13-36
88            android:permission="com.google.android.c2dm.permission.SEND" >
88-->[com.google.firebase:firebase-iid:17.1.2] AndroidManifest.xml:40:13-73
89            <intent-filter>
89-->[com.google.firebase:firebase-iid:17.1.2] AndroidManifest.xml:41:13-43:29
90                <action android:name="com.google.android.c2dm.intent.RECEIVE" />
90-->[com.google.firebase:firebase-iid:17.1.2] AndroidManifest.xml:42:17-81
90-->[com.google.firebase:firebase-iid:17.1.2] AndroidManifest.xml:42:25-78
91            </intent-filter>
92        </receiver>
93        <!--
94             FirebaseInstanceIdService performs security checks at runtime,
95             no need for explicit permissions despite exported="true"
96        -->
97        <service
97-->[com.google.firebase:firebase-iid:17.1.2] AndroidManifest.xml:50:9-56:19
98            android:name="com.google.firebase.iid.FirebaseInstanceIdService"
98-->[com.google.firebase:firebase-iid:17.1.2] AndroidManifest.xml:51:13-77
99            android:exported="true" >
99-->[com.google.firebase:firebase-iid:17.1.2] AndroidManifest.xml:52:13-36
100            <intent-filter android:priority="-500" >
100-->[com.google.firebase:firebase-iid:17.1.2] AndroidManifest.xml:53:13-55:29
100-->[com.google.firebase:firebase-iid:17.1.2] AndroidManifest.xml:53:28-51
101                <action android:name="com.google.firebase.INSTANCE_ID_EVENT" />
101-->[com.google.firebase:firebase-iid:17.1.2] AndroidManifest.xml:54:17-80
101-->[com.google.firebase:firebase-iid:17.1.2] AndroidManifest.xml:54:25-77
102            </intent-filter>
103        </service>
104
105        <provider
105-->[com.google.firebase:firebase-common:17.0.0] AndroidManifest.xml:12:9-16:39
106            android:name="com.google.firebase.provider.FirebaseInitProvider"
106-->[com.google.firebase:firebase-common:17.0.0] AndroidManifest.xml:13:13-77
107            android:authorities="com.taiaCare.flutter_taia_care.firebaseinitprovider"
107-->[com.google.firebase:firebase-common:17.0.0] AndroidManifest.xml:14:13-72
108            android:exported="false"
108-->[com.google.firebase:firebase-common:17.0.0] AndroidManifest.xml:15:13-37
109            android:initOrder="100" />
109-->[com.google.firebase:firebase-common:17.0.0] AndroidManifest.xml:16:13-36
110
111        <activity
111-->[com.google.android.gms:play-services-base:16.0.1] AndroidManifest.xml:23:9-26:75
112            android:name="com.google.android.gms.common.api.GoogleApiActivity"
112-->[com.google.android.gms:play-services-base:16.0.1] AndroidManifest.xml:24:13-79
113            android:exported="false"
113-->[com.google.android.gms:play-services-base:16.0.1] AndroidManifest.xml:25:13-37
114            android:theme="@android:style/Theme.Translucent.NoTitleBar" />
114-->[com.google.android.gms:play-services-base:16.0.1] AndroidManifest.xml:26:13-72
115
116        <receiver
116-->[com.google.android.gms:play-services-measurement:16.5.0] AndroidManifest.xml:29:9-33:20
117            android:name="com.google.android.gms.measurement.AppMeasurementReceiver"
117-->[com.google.android.gms:play-services-measurement:16.5.0] AndroidManifest.xml:30:13-85
118            android:enabled="true"
118-->[com.google.android.gms:play-services-measurement:16.5.0] AndroidManifest.xml:31:13-35
119            android:exported="false" >
119-->[com.google.android.gms:play-services-measurement:16.5.0] AndroidManifest.xml:32:13-37
120        </receiver>
121        <receiver
121-->[com.google.android.gms:play-services-measurement:16.5.0] AndroidManifest.xml:34:9-42:20
122            android:name="com.google.android.gms.measurement.AppMeasurementInstallReferrerReceiver"
122-->[com.google.android.gms:play-services-measurement:16.5.0] AndroidManifest.xml:35:13-100
123            android:enabled="true"
123-->[com.google.android.gms:play-services-measurement:16.5.0] AndroidManifest.xml:36:13-35
124            android:exported="true"
124-->[com.google.android.gms:play-services-measurement:16.5.0] AndroidManifest.xml:37:13-36
125            android:permission="android.permission.INSTALL_PACKAGES" >
125-->[com.google.android.gms:play-services-measurement:16.5.0] AndroidManifest.xml:38:13-69
126            <intent-filter>
126-->[com.google.android.gms:play-services-measurement:16.5.0] AndroidManifest.xml:39:13-41:29
127                <action android:name="com.android.vending.INSTALL_REFERRER" />
127-->[com.google.android.gms:play-services-measurement:16.5.0] AndroidManifest.xml:40:17-79
127-->[com.google.android.gms:play-services-measurement:16.5.0] AndroidManifest.xml:40:25-76
128            </intent-filter>
129        </receiver>
130
131        <service
131-->[com.google.android.gms:play-services-measurement:16.5.0] AndroidManifest.xml:44:9-47:40
132            android:name="com.google.android.gms.measurement.AppMeasurementService"
132-->[com.google.android.gms:play-services-measurement:16.5.0] AndroidManifest.xml:45:13-84
133            android:enabled="true"
133-->[com.google.android.gms:play-services-measurement:16.5.0] AndroidManifest.xml:46:13-35
134            android:exported="false" />
134-->[com.google.android.gms:play-services-measurement:16.5.0] AndroidManifest.xml:47:13-37
135        <service
135-->[com.google.android.gms:play-services-measurement:16.5.0] AndroidManifest.xml:48:9-52:72
136            android:name="com.google.android.gms.measurement.AppMeasurementJobService"
136-->[com.google.android.gms:play-services-measurement:16.5.0] AndroidManifest.xml:49:13-87
137            android:enabled="true"
137-->[com.google.android.gms:play-services-measurement:16.5.0] AndroidManifest.xml:50:13-35
138            android:exported="false"
138-->[com.google.android.gms:play-services-measurement:16.5.0] AndroidManifest.xml:51:13-37
139            android:permission="android.permission.BIND_JOB_SERVICE" />
139-->[com.google.android.gms:play-services-measurement:16.5.0] AndroidManifest.xml:52:13-69
140
141        <meta-data
141-->[com.google.android.gms:play-services-basement:16.2.0] AndroidManifest.xml:23:9-25:69
142            android:name="com.google.android.gms.version"
142-->[com.google.android.gms:play-services-basement:16.2.0] AndroidManifest.xml:24:13-58
143            android:value="@integer/google_play_services_version" />
143-->[com.google.android.gms:play-services-basement:16.2.0] AndroidManifest.xml:25:13-66
144    </application>
145
146</manifest>